2025-06-16 13:20:38.407 | Starting ChromeDriver 124.0.6367.78 (a087f2dd364ddd58b9c016ef1bf563d2bc138711-refs/branch-heads/6367@{#954}) on port 9515
2025-06-16 13:20:38.408 | Only local connections are allowed.
2025-06-16 13:20:38.408 | Please see https://chromedriver.chromium.org/security-considerations for suggestions on keeping ChromeDriver safe.
2025-06-16 13:20:38.457 | 2025-06-16T11:20:38.456084Z  INFO reacher: Running Reacher version="0.11.4"
2025-06-16 13:20:38.475 | 2025-06-16T11:20:38.474510Z DEBUG reacher: BackendConfig {
2025-06-16 13:20:38.475 |     backend_name: "backend-dev",
2025-06-16 13:20:38.475 |     from_email: "hello@",
2025-06-16 13:20:38.475 |     hello_name: "",
2025-06-16 13:20:38.475 |     smtp_timeout: None,
2025-06-16 13:20:38.475 |     proxy: None,
2025-06-16 13:20:38.475 |     overrides: OverridesConfig {
2025-06-16 13:20:38.475 |         proxies: {},
2025-06-16 13:20:38.475 |         gmail: None,
2025-06-16 13:20:38.475 |         hotmailb2b: None,
2025-06-16 13:20:38.475 |         hotmailb2c: None,
2025-06-16 13:20:38.475 |         mimecast: None,
2025-06-16 13:20:38.475 |         proofpoint: None,
2025-06-16 13:20:38.475 |         yahoo: None,
2025-06-16 13:20:38.475 |     },
2025-06-16 13:20:38.475 |     webdriver_addr: "http://localhost:9515",
2025-06-16 13:20:38.475 |     webdriver: WebdriverConfig {
2025-06-16 13:20:38.475 |         binary: None,
2025-06-16 13:20:38.475 |     },
2025-06-16 13:20:38.475 |     http_host: "0.0.0.0",
2025-06-16 13:20:38.475 |     http_port: 8080,
2025-06-16 13:20:38.475 |     header_secret: None,
2025-06-16 13:20:38.475 |     sentry_dsn: None,
2025-06-16 13:20:38.475 |     worker: WorkerConfig {
2025-06-16 13:20:38.475 |         enable: false,
2025-06-16 13:20:38.475 |         rabbitmq: Some(
2025-06-16 13:20:38.475 |             RabbitMQConfig {
2025-06-16 13:20:38.475 |                 url: "amqp://guest:guest@localhost:5672",
2025-06-16 13:20:38.475 |                 concurrency: 5,
2025-06-16 13:20:38.475 |             },
2025-06-16 13:20:38.475 |         ),
2025-06-16 13:20:38.475 |         webhook: None,
2025-06-16 13:20:38.475 |     },
2025-06-16 13:20:38.475 |     storage: None,
2025-06-16 13:20:38.475 |     commercial_license_trial: None,
2025-06-16 13:20:38.475 |     throttle: ThrottleConfig {
2025-06-16 13:20:38.475 |         max_requests_per_second: None,
2025-06-16 13:20:38.475 |         max_requests_per_minute: None,
2025-06-16 13:20:38.475 |         max_requests_per_hour: None,
2025-06-16 13:20:38.475 |         max_requests_per_day: None,
2025-06-16 13:20:38.475 |     },
2025-06-16 13:20:38.475 |     channel: None,
2025-06-16 13:20:38.475 |     storage_adapter: Noop,
2025-06-16 13:20:38.475 |     throttle_manager: ThrottleManager {
2025-06-16 13:20:38.475 |         inner: Mutex {
2025-06-16 13:20:38.475 |             data: Throttle {
2025-06-16 13:20:38.475 |                 requests_per_second: 0,
2025-06-16 13:20:38.475 |                 requests_per_minute: 0,
2025-06-16 13:20:38.475 |                 requests_per_hour: 0,
2025-06-16 13:20:38.475 |                 requests_per_day: 0,
2025-06-16 13:20:38.475 |                 last_reset_second: Instant {
2025-06-16 13:20:38.475 |                     tv_sec: 753,
2025-06-16 13:20:38.475 |                     tv_nsec: 260979926,
2025-06-16 13:20:38.475 |                 },
2025-06-16 13:20:38.475 |                 last_reset_minute: Instant {
2025-06-16 13:20:38.475 |                     tv_sec: 753,
2025-06-16 13:20:38.475 |                     tv_nsec: 260979926,
2025-06-16 13:20:38.475 |                 },
2025-06-16 13:20:38.475 |                 last_reset_hour: Instant {
2025-06-16 13:20:38.475 |                     tv_sec: 753,
2025-06-16 13:20:38.475 |                     tv_nsec: 260979926,
2025-06-16 13:20:38.475 |                 },
2025-06-16 13:20:38.475 |                 last_reset_day: Instant {
2025-06-16 13:20:38.475 |                     tv_sec: 753,
2025-06-16 13:20:38.475 |                     tv_nsec: 260979926,
2025-06-16 13:20:38.475 |                 },
2025-06-16 13:20:38.475 |             },
2025-06-16 13:20:38.475 |         },
2025-06-16 13:20:38.475 |         config: ThrottleConfig {
2025-06-16 13:20:38.475 |             max_requests_per_second: None,
2025-06-16 13:20:38.475 |             max_requests_per_minute: None,
2025-06-16 13:20:38.475 |             max_requests_per_hour: None,
2025-06-16 13:20:38.475 |             max_requests_per_day: None,
2025-06-16 13:20:38.475 |         },
2025-06-16 13:20:38.475 |     },
2025-06-16 13:20:38.475 | }
2025-06-16 13:20:38.475 | 2025-06-16T11:20:38.475663Z DEBUG reacher: VerifMethod {
2025-06-16 13:20:38.475 |     proxies: {},
2025-06-16 13:20:38.475 |     gmail: Smtp(
2025-06-16 13:20:38.475 |         VerifMethodSmtpConfig {
2025-06-16 13:20:38.475 |             from_email: "hello@",
2025-06-16 13:20:38.475 |             hello_name: "",
2025-06-16 13:20:38.475 |             proxy: None,
2025-06-16 13:20:38.475 |             smtp_port: 25,
2025-06-16 13:20:38.475 |             smtp_timeout: None,
2025-06-16 13:20:38.475 |             retries: 1,
2025-06-16 13:20:38.475 |         },
2025-06-16 13:20:38.475 |     ),
2025-06-16 13:20:38.475 |     hotmailb2b: Smtp(
2025-06-16 13:20:38.475 |         VerifMethodSmtpConfig {
2025-06-16 13:20:38.475 |             from_email: "hello@",
2025-06-16 13:20:38.475 |             hello_name: "",
2025-06-16 13:20:38.475 |             proxy: None,
2025-06-16 13:20:38.475 |             smtp_port: 25,
2025-06-16 13:20:38.475 |             smtp_timeout: None,
2025-06-16 13:20:38.475 |             retries: 1,
2025-06-16 13:20:38.475 |         },
2025-06-16 13:20:38.475 |     ),
2025-06-16 13:20:38.475 |     hotmailb2c: Headless,
2025-06-16 13:20:38.475 |     mimecast: Smtp(
2025-06-16 13:20:38.475 |         VerifMethodSmtpConfig {
2025-06-16 13:20:38.475 |             from_email: "hello@",
2025-06-16 13:20:38.475 |             hello_name: "",
2025-06-16 13:20:38.475 |             proxy: None,
2025-06-16 13:20:38.475 |             smtp_port: 25,
2025-06-16 13:20:38.475 |             smtp_timeout: None,
2025-06-16 13:20:38.475 |             retries: 1,
2025-06-16 13:20:38.475 |         },
2025-06-16 13:20:38.475 |     ),
2025-06-16 13:20:38.475 |     proofpoint: Smtp(
2025-06-16 13:20:38.475 |         VerifMethodSmtpConfig {
2025-06-16 13:20:38.475 |             from_email: "hello@",
2025-06-16 13:20:38.475 |             hello_name: "",
2025-06-16 13:20:38.475 |             proxy: None,
2025-06-16 13:20:38.475 |             smtp_port: 25,
2025-06-16 13:20:38.475 |             smtp_timeout: None,
2025-06-16 13:20:38.475 |             retries: 1,
2025-06-16 13:20:38.475 |         },
2025-06-16 13:20:38.475 |     ),
2025-06-16 13:20:38.475 |     yahoo: Headless,
2025-06-16 13:20:38.475 |     everything_else: Smtp(
2025-06-16 13:20:38.475 |         VerifMethodSmtpConfig {
2025-06-16 13:20:38.475 |             from_email: "hello@",
2025-06-16 13:20:38.475 |             hello_name: "",
2025-06-16 13:20:38.475 |             proxy: None,
2025-06-16 13:20:38.475 |             smtp_port: 25,
2025-06-16 13:20:38.475 |             smtp_timeout: None,
2025-06-16 13:20:38.475 |             retries: 1,
2025-06-16 13:20:38.475 |         },
2025-06-16 13:20:38.475 |     ),
2025-06-16 13:20:38.475 | }
2025-06-16 13:20:38.476 | 2025-06-16T11:20:38.476233Z  INFO reacher: Server is listening host=0.0.0.0 port=8080
2025-06-16 13:20:38.479 | 2025-06-16T11:20:38.479343Z  INFO Server::run{addr=0.0.0.0:8080}: warp::server: listening on http://0.0.0.0:8080
2025-06-16 13:20:38.515 | ChromeDriver was started successfully.
2025-06-16 13:20:43.286 | 2025-06-16T11:20:43.286701Z DEBUG hyper::proto::h1::io: parsed 5 headers
2025-06-16 13:20:43.286 | 2025-06-16T11:20:43.286748Z DEBUG hyper::proto::h1::conn: incoming body is content-length (82 bytes)
2025-06-16 13:20:43.288 | 2025-06-16T11:20:43.288624Z DEBUG hyper::proto::h1::conn: incoming body completed
2025-06-16 13:20:43.296 | 2025-06-16T11:20:43.296600Z DEBUG reacher: Checking email email=louis-laugier@hotmail.fr
2025-06-16 13:20:43.299 | 2025-06-16T11:20:43.299729Z DEBUG reacher: Found syntax validation email=louis-laugier@hotmail.fr syntax=SyntaxDetails { address: Some(EmailAddress(EmailAddress("louis-laugier@hotmail.fr"))), domain: "hotmail.fr", is_valid_syntax: true, username: "louis-laugier", normalized_email: Some("louis-laugier@hotmail.fr"), suggestion: None }
2025-06-16 13:20:43.314 | 2025-06-16T11:20:43.314292Z DEBUG hickory_proto::xfer::dns_handle: querying: hotmail.fr MX
2025-06-16 13:20:43.315 | 2025-06-16T11:20:43.315587Z DEBUG hickory_resolver::name_server::name_server_pool: sending request: [Query { name: Name("hotmail.fr"), query_type: MX, query_class: IN }]
2025-06-16 13:20:43.317 | 2025-06-16T11:20:43.317605Z DEBUG hickory_resolver::name_server::name_server: reconnecting: NameServerConfig { socket_addr: 127.0.0.11:53, protocol: Udp, tls_dns_name: None, trust_negative_responses: false, bind_addr: None }
2025-06-16 13:20:43.319 | 2025-06-16T11:20:43.319109Z DEBUG hickory_proto::xfer: enqueueing message:QUERY:[Query { name: Name("hotmail.fr"), query_type: MX, query_class: IN }]
2025-06-16 13:20:43.324 | 2025-06-16T11:20:43.324354Z DEBUG hickory_proto::udp::udp_client_stream: final message: ; header 36174:QUERY:RD:NoError:QUERY:0/0/0
2025-06-16 13:20:43.324 | ; query
2025-06-16 13:20:43.324 | ;; hotmail.fr. IN MX
2025-06-16 13:20:43.324 | 
2025-06-16 13:20:43.326 | 2025-06-16T11:20:43.326442Z DEBUG hickory_proto::udp::udp_stream: created socket successfully
2025-06-16 13:20:43.330 | 2025-06-16T11:20:43.330672Z DEBUG hickory_proto::udp::udp_client_stream: received message id: 36174
2025-06-16 13:20:43.331 | 2025-06-16T11:20:43.331517Z DEBUG hickory_resolver::error: Response:; header 36174:RESPONSE:RD,RA:NoError:QUERY:1/0/0
2025-06-16 13:20:43.331 | ; query
2025-06-16 13:20:43.331 | ;; hotmail.fr. IN MX
2025-06-16 13:20:43.331 | ; answers 1
2025-06-16 13:20:43.331 | hotmail.fr. 4317 IN MX 10 eur.olc.protection.outlook.com.
2025-06-16 13:20:43.331 | ; nameservers 0
2025-06-16 13:20:43.331 | ; additionals 0
2025-06-16 13:20:43.331 | 
2025-06-16 13:20:43.332 | 2025-06-16T11:20:43.332537Z DEBUG hickory_resolver::error: Response:; header 36174:RESPONSE:RD,RA:NoError:QUERY:1/0/0
2025-06-16 13:20:43.332 | ; query
2025-06-16 13:20:43.332 | ;; hotmail.fr. IN MX
2025-06-16 13:20:43.332 | ; answers 1
2025-06-16 13:20:43.332 | hotmail.fr. 4317 IN MX 10 eur.olc.protection.outlook.com.
2025-06-16 13:20:43.332 | ; nameservers 0
2025-06-16 13:20:43.332 | ; additionals 0
2025-06-16 13:20:43.332 | 
2025-06-16 13:20:43.335 | 2025-06-16T11:20:43.334896Z DEBUG reacher: Found MX hosts email=louis-laugier@hotmail.fr mx_hosts=["10 eur.olc.protection.outlook.com."]
2025-06-16 13:20:43.361 | 2025-06-16T11:20:43.361160Z DEBUG reacher: Found misc details email=louis-laugier@hotmail.fr misc=MiscDetails { is_disposable: false, is_role_account: false, is_b2c: true, gravatar_url: None, haveibeenpwned: None }
2025-06-16 13:20:43.361 | 2025-06-16T11:20:43.361507Z DEBUG reacher: Using Hotmail password recovery in headless navigator email="louis-laugier@hotmail.fr"
2025-06-16 13:20:43.367 | 2025-06-16T11:20:43.367249Z DEBUG hyper_rustls::config: with_native_roots processed 147 valid and 0 invalid certs    
2025-06-16 13:20:43.372 | 2025-06-16T11:20:43.372734Z DEBUG hickory_proto::xfer::dns_exchange: io_stream is done, shutting down
2025-06-16 13:20:43.385 | 2025-06-16T11:20:43.384788Z DEBUG hyper_util::client::legacy::connect::http: connecting to [::1]:9515
2025-06-16 13:20:43.386 | 2025-06-16T11:20:43.386056Z DEBUG hyper_util::client::legacy::connect::http: connected to [::1]:9515
2025-06-16 13:20:46.909 | 2025-06-16T11:20:46.908861Z DEBUG hyper_util::client::legacy::pool: pooling idle connection for ("http", localhost:9515)
2025-06-16 13:20:46.913 | 2025-06-16T11:20:46.913722Z DEBUG hyper_util::client::legacy::pool: reuse idle connection for ("http", localhost:9515)
2025-06-16 13:20:46.953 | 2025-06-16T11:20:46.953654Z DEBUG hyper_util::client::legacy::pool: pooling idle connection for ("http", localhost:9515)
2025-06-16 13:20:46.954 | 2025-06-16T11:20:46.954061Z DEBUG hyper_util::client::legacy::pool: reuse idle connection for ("http", localhost:9515)
2025-06-16 13:20:49.673 | 2025-06-16T11:20:49.673564Z DEBUG hyper_util::client::legacy::pool: pooling idle connection for ("http", localhost:9515)
2025-06-16 13:20:49.674 | 2025-06-16T11:20:49.674251Z DEBUG hyper_util::client::legacy::pool: reuse idle connection for ("http", localhost:9515)
2025-06-16 13:20:49.756 | 2025-06-16T11:20:49.756753Z DEBUG hyper_util::client::legacy::pool: pooling idle connection for ("http", localhost:9515)
2025-06-16 13:20:49.964 | 2025-06-16T11:20:49.963933Z DEBUG hyper_util::client::legacy::pool: reuse idle connection for ("http", localhost:9515)
2025-06-16 13:20:52.111 | [1750072852.111][SEVERE]: Unable to receive message from renderer
2025-06-16 13:20:52.112 | 2025-06-16T11:20:52.112236Z DEBUG hyper_util::client::legacy::pool: pooling idle connection for ("http", localhost:9515)
2025-06-16 13:20:52.113 | 2025-06-16T11:20:52.112934Z DEBUG hyper_util::client::legacy::pool: reuse idle connection for ("http", localhost:9515)
2025-06-16 13:20:52.114 | 2025-06-16T11:20:52.114069Z DEBUG hyper_util::client::legacy::pool: pooling idle connection for ("http", localhost:9515)
2025-06-16 13:20:52.116 | 2025-06-16T11:20:52.115921Z DEBUG reacher: Sending error to Sentry: Smtp(HeadlessError(Cmd(NotW3C(String("disconnected")))))
2025-06-16 13:20:52.123 | 2025-06-16T11:20:52.123221Z  INFO reacher: 172.18.0.4:57154 "POST /v0/check_email HTTP/1.1" 200 "-" "Go-http-client/1.1" 8.833296921s    
2025-06-16 13:20:52.125 | 2025-06-16T11:20:52.125146Z DEBUG hyper::proto::h1::io: flushed 882 bytes
2025-06-16 13:20:52.125 | 2025-06-16T11:20:52.125461Z DEBUG hyper_util::client::legacy::pool: reuse idle connection for ("http", localhost:9515)
2025-06-16 13:20:52.127 | 2025-06-16T11:20:52.127230Z DEBUG hyper_util::client::legacy::pool: pooling idle connection for ("http", localhost:9515)